
TeamSolo
Timer(CalcCollatzSoloTimer): <t> = 22.2329us, std = 4.23707us, 19.842us <= t <= 48.717us (n=2998)
Timer(TeamSolo<1>[SameNumber | 2]): <t> = 71.7432ms, std = 0ms, 71.7432ms <= t <= 71.7432ms (n=1)

ThreadNewThreads
Timer(CalcCollatzSoloTimer): <t> = 39.756us, std = 21.971us, 21.328us <= t <= 210.071us (n=2998)
Timer(TeamNewThreads<1>[SameNumber | 2]): <t> = 0.307664s, std = 0s, 0.307664s <= t <= 0.307664s (n=1)

TeamConstThreads
Timer(CalcCollatzSoloTimer): <t> = 24.259us, std = 10.0002us, 20.431us <= t <= 416.949us (n=2998)
Timer(TeamConstThreads<1>[SameNumber | 2]): <t> = 80.4616ms, std = 0ms, 80.4616ms <= t <= 80.4616ms (n=1)

TeamPool
Timer(CalcCollatzSoloTimer): <t> = 24.0622us, std = 9.21531us, 20.633us <= t <= 91.44us (n=2998)
Timer(TeamPool<1>[SameNumber | 2]): <t> = 115.74ms, std = 0ms, 115.74ms <= t <= 115.74ms (n=1)

TeamNewProcesses
Timer(TeamNewProcesses<1>[SameNumber | 2]): <t> = 6.97674s, std = 0s, 6.97674s <= t <= 6.97674s (n=1)

TeamConstProcesses
Timer(TeamConstProcesses<1>[SameNumber | 2]): <t> = 83.9881ms, std = 0ms, 83.9881ms <= t <= 83.9881ms (n=1)

ThreadNewThreads
Timer(CalcCollatzSoloTimer): <t> = 37.604us, std = 20.7587us, 21.75us <= t <= 132.131us (n=2998)
Timer(TeamNewThreads<2>[SameNumber | 2]): <t> = 190.146ms, std = 0ms, 190.146ms <= t <= 190.146ms (n=1)

TeamConstThreads
Timer(CalcCollatzSoloTimer): <t> = 27.7295us, std = 11.181us, 20.427us <= t <= 191.072us (n=2998)
Timer(TeamConstThreads<2>[SameNumber | 2]): <t> = 53.5747ms, std = 0ms, 53.5747ms <= t <= 53.5747ms (n=1)

TeamPool
Timer(CalcCollatzSoloTimer): <t> = 28.1671us, std = 11.8017us, 19.616us <= t <= 102.506us (n=2998)
Timer(TeamPool<2>[SameNumber | 2]): <t> = 77.7476ms, std = 0ms, 77.7476ms <= t <= 77.7476ms (n=1)

TeamNewProcesses
Timer(TeamNewProcesses<2>[SameNumber | 2]): <t> = 6.76566s, std = 0s, 6.76566s <= t <= 6.76566s (n=1)

TeamConstProcesses
Timer(TeamConstProcesses<2>[SameNumber | 2]): <t> = 50.6127ms, std = 0ms, 50.6127ms <= t <= 50.6127ms (n=1)

ThreadNewThreads
Timer(CalcCollatzSoloTimer): <t> = 43.4158us, std = 21.6367us, 21.573us <= t <= 118.246us (n=2998)
Timer(TeamNewThreads<3>[SameNumber | 2]): <t> = 161.896ms, std = 0ms, 161.896ms <= t <= 161.896ms (n=1)

TeamConstThreads
Timer(CalcCollatzSoloTimer): <t> = 26.4267us, std = 12.7358us, 19.462us <= t <= 169.257us (n=2998)
Timer(TeamConstThreads<3>[SameNumber | 2]): <t> = 39.2688ms, std = 0ms, 39.2688ms <= t <= 39.2688ms (n=1)

TeamPool
Timer(CalcCollatzSoloTimer): <t> = 30.1434us, std = 15.9576us, 20.711us <= t <= 112.23us (n=2998)
Timer(TeamPool<3>[SameNumber | 2]): <t> = 62.9146ms, std = 0ms, 62.9146ms <= t <= 62.9146ms (n=1)

TeamNewProcesses
Timer(TeamNewProcesses<3>[SameNumber | 2]): <t> = 7.19122s, std = 0s, 7.19122s <= t <= 7.19122s (n=1)

TeamConstProcesses
Timer(TeamConstProcesses<3>[SameNumber | 2]): <t> = 39.8238ms, std = 0ms, 39.8238ms <= t <= 39.8238ms (n=1)

ThreadNewThreads
Timer(CalcCollatzSoloTimer): <t> = 42.2265us, std = 25.1502us, 20.673us <= t <= 433.313us (n=2998)
Timer(TeamNewThreads<4>[SameNumber | 2]): <t> = 160.795ms, std = 0ms, 160.795ms <= t <= 160.795ms (n=1)

TeamConstThreads
Timer(CalcCollatzSoloTimer): <t> = 28.2023us, std = 12.7044us, 20.403us <= t <= 192.789us (n=2998)
Timer(TeamConstThreads<4>[SameNumber | 2]): <t> = 33.0807ms, std = 0ms, 33.0807ms <= t <= 33.0807ms (n=1)

TeamPool
Timer(CalcCollatzSoloTimer): <t> = 32.0784us, std = 15.6883us, 21.007us <= t <= 120.832us (n=2998)
Timer(TeamPool<4>[SameNumber | 2]): <t> = 44.9703ms, std = 0ms, 44.9703ms <= t <= 44.9703ms (n=1)

TeamNewProcesses
Timer(TeamNewProcesses<4>[SameNumber | 2]): <t> = 7.02613s, std = 0s, 7.02613s <= t <= 7.02613s (n=1)

TeamConstProcesses
Timer(TeamConstProcesses<4>[SameNumber | 2]): <t> = 46.5409ms, std = 0ms, 46.5409ms <= t <= 46.5409ms (n=1)

ThreadNewThreads
Timer(CalcCollatzSoloTimer): <t> = 28.1757us, std = 13.4853us, 20.846us <= t <= 110.472us (n=2998)
Timer(TeamNewThreads<7>[SameNumber | 2]): <t> = 90.5362ms, std = 0ms, 90.5362ms <= t <= 90.5362ms (n=1)

TeamConstThreads
Timer(CalcCollatzSoloTimer): <t> = 34.2346us, std = 21.1108us, 20.834us <= t <= 363.952us (n=2998)
Timer(TeamConstThreads<7>[SameNumber | 2]): <t> = 25.6334ms, std = 0ms, 25.6334ms <= t <= 25.6334ms (n=1)

TeamPool
Timer(CalcCollatzSoloTimer): <t> = 30.7927us, std = 15.9425us, 20.976us <= t <= 102.607us (n=2998)
Timer(TeamPool<7>[SameNumber | 2]): <t> = 36.1071ms, std = 0ms, 36.1071ms <= t <= 36.1071ms (n=1)

TeamNewProcesses
Timer(TeamNewProcesses<7>[SameNumber | 2]): <t> = 7.24897s, std = 0s, 7.24897s <= t <= 7.24897s (n=1)

TeamConstProcesses
Timer(TeamConstProcesses<7>[SameNumber | 2]): <t> = 32.8727ms, std = 0ms, 32.8727ms <= t <= 32.8727ms (n=1)

ThreadNewThreads
Timer(CalcCollatzSoloTimer): <t> = 42.0528us, std = 27.9862us, 0.021518ms <= t <= 0.61355ms (n=2998)
Timer(TeamNewThreads<10>[SameNumber | 2]): <t> = 103.731ms, std = 0ms, 103.731ms <= t <= 103.731ms (n=1)

TeamConstThreads
Timer(CalcCollatzSoloTimer): <t> = 41.2914us, std = 18.5532us, 20.937us <= t <= 215.294us (n=2998)
Timer(TeamConstThreads<10>[SameNumber | 2]): <t> = 23.0532ms, std = 0ms, 23.0532ms <= t <= 23.0532ms (n=1)

TeamPool
Timer(CalcCollatzSoloTimer): <t> = 38.9132us, std = 22.3639us, 20.952us <= t <= 407.373us (n=2998)
Timer(TeamPool<10>[SameNumber | 2]): <t> = 41.4001ms, std = 0ms, 41.4001ms <= t <= 41.4001ms (n=1)

TeamNewProcesses
Timer(TeamNewProcesses<10>[SameNumber | 2]): <t> = 8.04348s, std = 0s, 8.04348s <= t <= 8.04348s (n=1)

TeamConstProcesses
Timer(TeamConstProcesses<10>[SameNumber | 2]): <t> = 31.4434ms, std = 0ms, 31.4434ms <= t <= 31.4434ms (n=1)

TeamAsync
Timer(CalcCollatzSoloTimer): <t> = 39.0055us, std = 21.8501us, 21.061us <= t <= 249.469us (n=2998)
Timer(TeamAsync<1>[SameNumber | 2]): <t> = 123.715ms, std = 0ms, 123.715ms <= t <= 123.715ms (n=1)

TeamSolo
Timer(CalcCollatzSoloTimer): <t> = 95.7905us, std = 11.5673us, 0.083823ms <= t <= 0.647742ms (n=5995)
Timer(TeamSolo<1>[SameNumber | 5]): <t> = 0.579507s, std = 0s, 0.579507s <= t <= 0.579507s (n=1)

ThreadNewThreads
Timer(CalcCollatzSoloTimer): <t> = 231.33us, std = 109.443us, 0.085777ms <= t <= 1.30413ms (n=5995)
Timer(TeamNewThreads<1>[SameNumber | 5]): <t> = 2.27046s, std = 0s, 2.27046s <= t <= 2.27046s (n=1)

TeamConstThreads
Timer(CalcCollatzSoloTimer): <t> = 97.5055us, std = 32.7341us, 0.085698ms <= t <= 2.1925ms (n=5995)
Timer(TeamConstThreads<1>[SameNumber | 5]): <t> = 0.59991s, std = 0s, 0.59991s <= t <= 0.59991s (n=1)

TeamPool
Timer(CalcCollatzSoloTimer): <t> = 98.8827us, std = 16.9024us, 86.685us <= t <= 348.575us (n=5995)
Timer(TeamPool<1>[SameNumber | 5]): <t> = 0.681719s, std = 0s, 0.681719s <= t <= 0.681719s (n=1)

TeamNewProcesses
Timer(TeamNewProcesses<1>[SameNumber | 5]): <t> = 25.7133s, std = 0s, 25.7133s <= t <= 25.7133s (n=1)

TeamConstProcesses
Timer(TeamConstProcesses<1>[SameNumber | 5]): <t> = 0.63718s, std = 0s, 0.63718s <= t <= 0.63718s (n=1)

ThreadNewThreads
Timer(CalcCollatzSoloTimer): <t> = 198.588us, std = 98.335us, 0.092066ms <= t <= 0.688834ms (n=5995)
Timer(TeamNewThreads<2>[SameNumber | 5]): <t> = 1.10047s, std = 0s, 1.10047s <= t <= 1.10047s (n=1)

TeamConstThreads
Timer(CalcCollatzSoloTimer): <t> = 102.155us, std = 19.9544us, 0.090595ms <= t <= 0.430954ms (n=5995)
Timer(TeamConstThreads<2>[SameNumber | 5]): <t> = 0.329187s, std = 0s, 0.329187s <= t <= 0.329187s (n=1)

TeamPool
Timer(CalcCollatzSoloTimer): <t> = 101.771us, std = 18.5707us, 86.395us <= t <= 348.806us (n=5995)
Timer(TeamPool<2>[SameNumber | 5]): <t> = 0.371881s, std = 0s, 0.371881s <= t <= 0.371881s (n=1)

TeamNewProcesses
Timer(TeamNewProcesses<2>[SameNumber | 5]): <t> = 27.4141s, std = 0s, 27.4141s <= t <= 27.4141s (n=1)

TeamConstProcesses
Timer(TeamConstProcesses<2>[SameNumber | 5]): <t> = 0.32125s, std = 0s, 0.32125s <= t <= 0.32125s (n=1)

ThreadNewThreads
Timer(CalcCollatzSoloTimer): <t> = 196.33us, std = 98.3874us, 0.091668ms <= t <= 0.516199ms (n=5995)
Timer(TeamNewThreads<3>[SameNumber | 5]): <t> = 0.812245s, std = 0s, 0.812245s <= t <= 0.812245s (n=1)

TeamConstThreads
Timer(CalcCollatzSoloTimer): <t> = 102.75us, std = 24.3647us, 90.836us <= t <= 347.973us (n=5995)
Timer(TeamConstThreads<3>[SameNumber | 5]): <t> = 221.035ms, std = 0ms, 221.035ms <= t <= 221.035ms (n=1)

TeamPool
Timer(CalcCollatzSoloTimer): <t> = 102.289us, std = 21.1025us, 0.090259ms <= t <= 0.632415ms (n=5995)
Timer(TeamPool<3>[SameNumber | 5]): <t> = 0.254434s, std = 0s, 0.254434s <= t <= 0.254434s (n=1)

TeamNewProcesses
Timer(TeamNewProcesses<3>[SameNumber | 5]): <t> = 26.8394s, std = 0s, 26.8394s <= t <= 26.8394s (n=1)

TeamConstProcesses
Timer(TeamConstProcesses<3>[SameNumber | 5]): <t> = 227.064ms, std = 0ms, 227.064ms <= t <= 227.064ms (n=1)

ThreadNewThreads
Timer(CalcCollatzSoloTimer): <t> = 236.5us, std = 93.6215us, 0.093293ms <= t <= 0.564735ms (n=5995)
Timer(TeamNewThreads<4>[SameNumber | 5]): <t> = 0.784833s, std = 0s, 0.784833s <= t <= 0.784833s (n=1)

TeamConstThreads
Timer(CalcCollatzSoloTimer): <t> = 112.968us, std = 28.2854us, 86.144us <= t <= 372.017us (n=5995)
Timer(TeamConstThreads<4>[SameNumber | 5]): <t> = 193.941ms, std = 0ms, 193.941ms <= t <= 193.941ms (n=1)

TeamPool
Timer(CalcCollatzSoloTimer): <t> = 115.468us, std = 36.7221us, 0.09018ms <= t <= 0.748988ms (n=5995)
Timer(TeamPool<4>[SameNumber | 5]): <t> = 214.262ms, std = 0ms, 214.262ms <= t <= 214.262ms (n=1)

TeamNewProcesses
Timer(TeamNewProcesses<4>[SameNumber | 5]): <t> = 27.5181s, std = 0s, 27.5181s <= t <= 27.5181s (n=1)

TeamConstProcesses
Timer(TeamConstProcesses<4>[SameNumber | 5]): <t> = 191.507ms, std = 0ms, 191.507ms <= t <= 191.507ms (n=1)

ThreadNewThreads
Timer(CalcCollatzSoloTimer): <t> = 0.259342ms, std = 0.0817444ms, 0.091312ms <= t <= 1.2871ms (n=5995)
Timer(TeamNewThreads<7>[SameNumber | 5]): <t> = 0.536621s, std = 0s, 0.536621s <= t <= 0.536621s (n=1)

TeamConstThreads
Timer(CalcCollatzSoloTimer): <t> = 118.492us, std = 47.5686us, 0.090707ms <= t <= 0.482155ms (n=5995)
Timer(TeamConstThreads<7>[SameNumber | 5]): <t> = 123.621ms, std = 0ms, 123.621ms <= t <= 123.621ms (n=1)

TeamPool
Timer(CalcCollatzSoloTimer): <t> = 113.274us, std = 40.024us, 0.090551ms <= t <= 0.447178ms (n=5995)
Timer(TeamPool<7>[SameNumber | 5]): <t> = 134.922ms, std = 0ms, 134.922ms <= t <= 134.922ms (n=1)

TeamNewProcesses
Timer(TeamNewProcesses<7>[SameNumber | 5]): <t> = 27.8378s, std = 0s, 27.8378s <= t <= 27.8378s (n=1)

TeamConstProcesses
Timer(TeamConstProcesses<7>[SameNumber | 5]): <t> = 120.17ms, std = 0ms, 120.17ms <= t <= 120.17ms (n=1)

ThreadNewThreads
Timer(CalcCollatzSoloTimer): <t> = 183.584us, std = 90.9398us, 0.093353ms <= t <= 1.03133ms (n=5995)
Timer(TeamNewThreads<10>[SameNumber | 5]): <t> = 0.387297s, std = 0s, 0.387297s <= t <= 0.387297s (n=1)

TeamConstThreads
Timer(CalcCollatzSoloTimer): <t> = 119.431us, std = 45.1071us, 0.090976ms <= t <= 0.75682ms (n=5995)
Timer(TeamConstThreads<10>[SameNumber | 5]): <t> = 90.387ms, std = 0ms, 90.387ms <= t <= 90.387ms (n=1)

TeamPool
Timer(CalcCollatzSoloTimer): <t> = 114.259us, std = 39.5901us, 92.177us <= t <= 352.65us (n=5995)
Timer(TeamPool<10>[SameNumber | 5]): <t> = 98.2924ms, std = 0ms, 98.2924ms <= t <= 98.2924ms (n=1)

TeamNewProcesses
Timer(TeamNewProcesses<10>[SameNumber | 5]): <t> = 26.326s, std = 0s, 26.326s <= t <= 26.326s (n=1)

TeamConstProcesses
Timer(TeamConstProcesses<10>[SameNumber | 5]): <t> = 127.388ms, std = 0ms, 127.388ms <= t <= 127.388ms (n=1)

TeamAsync
Timer(CalcCollatzSoloTimer): <t> = 149.297us, std = 84.1885us, 0.090537ms <= t <= 2.11885ms (n=5995)
Timer(TeamAsync<1>[SameNumber | 5]): <t> = 0.297164s, std = 0s, 0.297164s <= t <= 0.297164s (n=1)

TeamSolo
Timer(CalcCollatzSoloTimer): <t> = 0.280953ms, std = 0.0364682ms, 0.241588ms <= t <= 3.46121ms (n=23977)
Timer(TeamSolo<1>[SameNumber | 23]): <t> = 6.75913s, std = 0s, 6.75913s <= t <= 6.75913s (n=1)

ThreadNewThreads
Timer(CalcCollatzSoloTimer): <t> = 0.522521ms, std = 0.288748ms, 0.244215ms <= t <= 2.08006ms (n=23977)
Timer(TeamNewThreads<1>[SameNumber | 23]): <t> = 15.8622s, std = 0s, 15.8622s <= t <= 15.8622s (n=1)

TeamConstThreads
Timer(CalcCollatzSoloTimer): <t> = 0.281498ms, std = 0.0308829ms, 0.245858ms <= t <= 0.974935ms (n=23977)
Timer(TeamConstThreads<1>[SameNumber | 23]): <t> = 6.81492s, std = 0s, 6.81492s <= t <= 6.81492s (n=1)

TeamPool
Timer(CalcCollatzSoloTimer): <t> = 0.291937ms, std = 0.0459311ms, 0.243829ms <= t <= 1.46611ms (n=23977)
Timer(TeamPool<1>[SameNumber | 23]): <t> = 7.44856s, std = 0s, 7.44856s <= t <= 7.44856s (n=1)

TeamNewProcesses
Timer(TeamNewProcesses<1>[SameNumber | 23]): <t> = 139.489s, std = 0s, 139.489s <= t <= 139.489s (n=1)

TeamConstProcesses
Timer(TeamConstProcesses<1>[SameNumber | 23]): <t> = 6.47643s, std = 0s, 6.47643s <= t <= 6.47643s (n=1)

ThreadNewThreads
Timer(CalcCollatzSoloTimer): <t> = 0.63462ms, std = 0.284731ms, 0.246797ms <= t <= 2.00685ms (n=23977)
Timer(TeamNewThreads<2>[SameNumber | 23]): <t> = 11.3883s, std = 0s, 11.3883s <= t <= 11.3883s (n=1)

TeamConstThreads
Timer(CalcCollatzSoloTimer): <t> = 0.281937ms, std = 0.0347874ms, 0.246363ms <= t <= 1.27814ms (n=23977)
Timer(TeamConstThreads<2>[SameNumber | 23]): <t> = 3.44295s, std = 0s, 3.44295s <= t <= 3.44295s (n=1)

TeamPool
Timer(CalcCollatzSoloTimer): <t> = 0.279195ms, std = 0.0370256ms, 0.243787ms <= t <= 1.87389ms (n=23977)
Timer(TeamPool<2>[SameNumber | 23]): <t> = 3.58698s, std = 0s, 3.58698s <= t <= 3.58698s (n=1)

TeamNewProcesses
Timer(TeamNewProcesses<2>[SameNumber | 23]): <t> = 132.045s, std = 0s, 132.045s <= t <= 132.045s (n=1)

TeamConstProcesses
Timer(TeamConstProcesses<2>[SameNumber | 23]): <t> = 3.4684s, std = 0s, 3.4684s <= t <= 3.4684s (n=1)

ThreadNewThreads
Timer(CalcCollatzSoloTimer): <t> = 0.648017ms, std = 0.275613ms, 0.258798ms <= t <= 2.75142ms (n=23977)
Timer(TeamNewThreads<3>[SameNumber | 23]): <t> = 8.85664s, std = 0s, 8.85664s <= t <= 8.85664s (n=1)

TeamConstThreads
Timer(CalcCollatzSoloTimer): <t> = 0.283831ms, std = 0.0396108ms, 0.24614ms <= t <= 2.8547ms (n=23977)
Timer(TeamConstThreads<3>[SameNumber | 23]): <t> = 2.36071s, std = 0s, 2.36071s <= t <= 2.36071s (n=1)

TeamPool
Timer(CalcCollatzSoloTimer): <t> = 0.295143ms, std = 0.0421651ms, 0.244081ms <= t <= 2.52621ms (n=23977)
Timer(TeamPool<3>[SameNumber | 23]): <t> = 2.53791s, std = 0s, 2.53791s <= t <= 2.53791s (n=1)

TeamNewProcesses
Timer(TeamNewProcesses<3>[SameNumber | 23]): <t> = 129.317s, std = 0s, 129.317s <= t <= 129.317s (n=1)

TeamConstProcesses
Timer(TeamConstProcesses<3>[SameNumber | 23]): <t> = 2.35752s, std = 0s, 2.35752s <= t <= 2.35752s (n=1)

ThreadNewThreads
Timer(CalcCollatzSoloTimer): <t> = 0.615619ms, std = 0.277902ms, 0.260279ms <= t <= 10.4477ms (n=23977)
Timer(TeamNewThreads<4>[SameNumber | 23]): <t> = 6.96512s, std = 0s, 6.96512s <= t <= 6.96512s (n=1)

TeamConstThreads
Timer(CalcCollatzSoloTimer): <t> = 0.292759ms, std = 0.0385222ms, 0.247342ms <= t <= 1.36592ms (n=23977)
Timer(TeamConstThreads<4>[SameNumber | 23]): <t> = 1.8192s, std = 0s, 1.8192s <= t <= 1.8192s (n=1)

TeamPool
Timer(CalcCollatzSoloTimer): <t> = 0.295278ms, std = 0.0433191ms, 0.257969ms <= t <= 1.89622ms (n=23977)
Timer(TeamPool<4>[SameNumber | 23]): <t> = 1.91327s, std = 0s, 1.91327s <= t <= 1.91327s (n=1)

TeamNewProcesses
Timer(TeamNewProcesses<4>[SameNumber | 23]): <t> = 137.397s, std = 0s, 137.397s <= t <= 137.397s (n=1)

TeamConstProcesses
Timer(TeamConstProcesses<4>[SameNumber | 23]): <t> = 1.834s, std = 0s, 1.834s <= t <= 1.834s (n=1)

ThreadNewThreads
Timer(CalcCollatzSoloTimer): <t> = 0.661901ms, std = 0.250296ms, 0.266271ms <= t <= 5.72445ms (n=23977)
Timer(TeamNewThreads<7>[SameNumber | 23]): <t> = 4.55615s, std = 0s, 4.55615s <= t <= 4.55615s (n=1)

TeamConstThreads
Timer(CalcCollatzSoloTimer): <t> = 0.30752ms, std = 0.049288ms, 0.261669ms <= t <= 1.27575ms (n=23977)
Timer(TeamConstThreads<7>[SameNumber | 23]): <t> = 1.12851s, std = 0s, 1.12851s <= t <= 1.12851s (n=1)

TeamPool
Timer(CalcCollatzSoloTimer): <t> = 0.294533ms, std = 0.0424578ms, 0.258248ms <= t <= 1.98039ms (n=23977)
Timer(TeamPool<7>[SameNumber | 23]): <t> = 1.10803s, std = 0s, 1.10803s <= t <= 1.10803s (n=1)

TeamNewProcesses
Timer(TeamNewProcesses<7>[SameNumber | 23]): <t> = 142.449s, std = 0s, 142.449s <= t <= 142.449s (n=1)

TeamConstProcesses
Timer(TeamConstProcesses<7>[SameNumber | 23]): <t> = 1.0483s, std = 0s, 1.0483s <= t <= 1.0483s (n=1)

ThreadNewThreads
Timer(CalcCollatzSoloTimer): <t> = 0.609085ms, std = 0.240705ms, 0.261835ms <= t <= 2.37008ms (n=23977)
Timer(TeamNewThreads<10>[SameNumber | 23]): <t> = 3.2446s, std = 0s, 3.2446s <= t <= 3.2446s (n=1)

TeamConstThreads
Timer(CalcCollatzSoloTimer): <t> = 0.310397ms, std = 0.060436ms, 0.260376ms <= t <= 1.08342ms (n=23977)
Timer(TeamConstThreads<10>[SameNumber | 23]): <t> = 0.821324s, std = 0s, 0.821324s <= t <= 0.821324s (n=1)

TeamPool
Timer(CalcCollatzSoloTimer): <t> = 0.308821ms, std = 0.0669899ms, 0.259493ms <= t <= 1.50752ms (n=23977)
Timer(TeamPool<10>[SameNumber | 23]): <t> = 0.825015s, std = 0s, 0.825015s <= t <= 0.825015s (n=1)

TeamNewProcesses
Timer(TeamNewProcesses<10>[SameNumber | 23]): <t> = 140s, std = 0s, 140s <= t <= 140s (n=1)

TeamConstProcesses
Timer(TeamConstProcesses<10>[SameNumber | 23]): <t> = 0.821302s, std = 0s, 0.821302s <= t <= 0.821302s (n=1)

TeamAsync
Timer(CalcCollatzSoloTimer): <t> = 0.404043ms, std = 0.181112ms, 0.264999ms <= t <= 4.23182ms (n=23977)
Timer(TeamAsync<1>[SameNumber | 23]): <t> = 1.25101s, std = 0s, 1.25101s <= t <= 1.25101s (n=1)

TeamSolo
Timer(CalcCollatzSoloTimer): <t> = 0.949766ms, std = 0.762902ms, 0.052999ms <= t <= 2.81023ms (n=298)
Timer(TeamSolo<1>[ShortNumber | 2]): <t> = 0.283484s, std = 0s, 0.283484s <= t <= 0.283484s (n=1)

ThreadNewThreads
Timer(CalcCollatzSoloTimer): <t> = 2.05915ms, std = 1.8496ms, 0.117636ms <= t <= 7.065ms (n=298)
Timer(TeamNewThreads<1>[ShortNumber | 2]): <t> = 0.683275s, std = 0s, 0.683275s <= t <= 0.683275s (n=1)

TeamConstThreads
Timer(CalcCollatzSoloTimer): <t> = 0.918989ms, std = 0.723651ms, 0.071518ms <= t <= 3.22819ms (n=298)
Timer(TeamConstThreads<1>[ShortNumber | 2]): <t> = 0.27639s, std = 0s, 0.27639s <= t <= 0.27639s (n=1)

TeamPool
Timer(CalcCollatzSoloTimer): <t> = 0.976783ms, std = 0.753609ms, 0.108866ms <= t <= 3.53989ms (n=298)
Timer(TeamPool<1>[ShortNumber | 2]): <t> = 0.297358s, std = 0s, 0.297358s <= t <= 0.297358s (n=1)

TeamNewProcesses
Timer(TeamNewProcesses<1>[ShortNumber | 2]): <t> = 2.13838s, std = 0s, 2.13838s <= t <= 2.13838s (n=1)

TeamConstProcesses
Timer(TeamConstProcesses<1>[ShortNumber | 2]): <t> = 0.272149s, std = 0s, 0.272149s <= t <= 0.272149s (n=1)

ThreadNewThreads
Timer(CalcCollatzSoloTimer): <t> = 2.17696ms, std = 1.94531ms, 0.162081ms <= t <= 8.97517ms (n=298)
Timer(TeamNewThreads<2>[ShortNumber | 2]): <t> = 0.511471s, std = 0s, 0.511471s <= t <= 0.511471s (n=1)

TeamConstThreads
Timer(CalcCollatzSoloTimer): <t> = 0.999172ms, std = 0.77267ms, 0.097868ms <= t <= 3.00831ms (n=298)
Timer(TeamConstThreads<2>[ShortNumber | 2]): <t> = 180.699ms, std = 0ms, 180.699ms <= t <= 180.699ms (n=1)

TeamPool
Timer(CalcCollatzSoloTimer): <t> = 1.02333ms, std = 0.78547ms, 0.126849ms <= t <= 4.33248ms (n=298)
Timer(TeamPool<2>[ShortNumber | 2]): <t> = 157.272ms, std = 0ms, 157.272ms <= t <= 157.272ms (n=1)

TeamNewProcesses
Timer(TeamNewProcesses<2>[ShortNumber | 2]): <t> = 2.23563s, std = 0s, 2.23563s <= t <= 2.23563s (n=1)

TeamConstProcesses
Timer(TeamConstProcesses<2>[ShortNumber | 2]): <t> = 178.88ms, std = 0ms, 178.88ms <= t <= 178.88ms (n=1)

ThreadNewThreads
Timer(CalcCollatzSoloTimer): <t> = 2.10972ms, std = 1.82563ms, 0.123064ms <= t <= 7.40272ms (n=298)
Timer(TeamNewThreads<3>[ShortNumber | 2]): <t> = 0.389462s, std = 0s, 0.389462s <= t <= 0.389462s (n=1)

TeamConstThreads
Timer(CalcCollatzSoloTimer): <t> = 0.970167ms, std = 0.751258ms, 0.123865ms <= t <= 2.92727ms (n=298)
Timer(TeamConstThreads<3>[ShortNumber | 2]): <t> = 117.23ms, std = 0ms, 117.23ms <= t <= 117.23ms (n=1)

TeamPool
Timer(CalcCollatzSoloTimer): <t> = 1.01078ms, std = 0.797128ms, 0.156024ms <= t <= 5.81561ms (n=298)
Timer(TeamPool<3>[ShortNumber | 2]): <t> = 103.386ms, std = 0ms, 103.386ms <= t <= 103.386ms (n=1)

TeamNewProcesses
Timer(TeamNewProcesses<3>[ShortNumber | 2]): <t> = 2.4755s, std = 0s, 2.4755s <= t <= 2.4755s (n=1)

TeamConstProcesses
Timer(TeamConstProcesses<3>[ShortNumber | 2]): <t> = 132.424ms, std = 0ms, 132.424ms <= t <= 132.424ms (n=1)

ThreadNewThreads
Timer(CalcCollatzSoloTimer): <t> = 1.86773ms, std = 1.77508ms, 0.172147ms <= t <= 7.1611ms (n=298)
Timer(TeamNewThreads<4>[ShortNumber | 2]): <t> = 0.303351s, std = 0s, 0.303351s <= t <= 0.303351s (n=1)

TeamConstThreads
Timer(CalcCollatzSoloTimer): <t> = 1.05238ms, std = 0.896742ms, 0.083481ms <= t <= 5.62895ms (n=298)
Timer(TeamConstThreads<4>[ShortNumber | 2]): <t> = 97.6476ms, std = 0ms, 97.6476ms <= t <= 97.6476ms (n=1)

TeamPool
Timer(CalcCollatzSoloTimer): <t> = 1.03038ms, std = 0.809254ms, 0.11015ms <= t <= 4.41286ms (n=298)
Timer(TeamPool<4>[ShortNumber | 2]): <t> = 80.4927ms, std = 0ms, 80.4927ms <= t <= 80.4927ms (n=1)

TeamNewProcesses
Timer(TeamNewProcesses<4>[ShortNumber | 2]): <t> = 2.3889s, std = 0s, 2.3889s <= t <= 2.3889s (n=1)

TeamConstProcesses
Timer(TeamConstProcesses<4>[ShortNumber | 2]): <t> = 101.547ms, std = 0ms, 101.547ms <= t <= 101.547ms (n=1)

ThreadNewThreads
Timer(CalcCollatzSoloTimer): <t> = 2.0053ms, std = 1.80839ms, 0.116924ms <= t <= 7.63524ms (n=298)
Timer(TeamNewThreads<7>[ShortNumber | 2]): <t> = 224.166ms, std = 0ms, 224.166ms <= t <= 224.166ms (n=1)

TeamConstThreads
Timer(CalcCollatzSoloTimer): <t> = 1.15091ms, std = 0.969232ms, 0.095967ms <= t <= 6.53489ms (n=298)
Timer(TeamConstThreads<7>[ShortNumber | 2]): <t> = 60.2118ms, std = 0ms, 60.2118ms <= t <= 60.2118ms (n=1)

TeamPool
Timer(CalcCollatzSoloTimer): <t> = 1.07439ms, std = 0.936882ms, 0.065211ms <= t <= 6.09731ms (n=298)
Timer(TeamPool<7>[ShortNumber | 2]): <t> = 48.8674ms, std = 0ms, 48.8674ms <= t <= 48.8674ms (n=1)

TeamNewProcesses
Timer(TeamNewProcesses<7>[ShortNumber | 2]): <t> = 2.17421s, std = 0s, 2.17421s <= t <= 2.17421s (n=1)

TeamConstProcesses
Timer(TeamConstProcesses<7>[ShortNumber | 2]): <t> = 74.7462ms, std = 0ms, 74.7462ms <= t <= 74.7462ms (n=1)

ThreadNewThreads
Timer(CalcCollatzSoloTimer): <t> = 1.79993ms, std = 1.72263ms, 0.051449ms <= t <= 7.413ms (n=298)
Timer(TeamNewThreads<10>[ShortNumber | 2]): <t> = 174.407ms, std = 0ms, 174.407ms <= t <= 174.407ms (n=1)

TeamConstThreads
Timer(CalcCollatzSoloTimer): <t> = 1.05866ms, std = 0.896949ms, 0.051959ms <= t <= 5.00196ms (n=298)
Timer(TeamConstThreads<10>[ShortNumber | 2]): <t> = 44.7065ms, std = 0ms, 44.7065ms <= t <= 44.7065ms (n=1)

TeamPool
Timer(CalcCollatzSoloTimer): <t> = 1.25092ms, std = 1.04516ms, 0.04931ms <= t <= 6.48736ms (n=298)
Timer(TeamPool<10>[ShortNumber | 2]): <t> = 40.5377ms, std = 0ms, 40.5377ms <= t <= 40.5377ms (n=1)

TeamNewProcesses
Timer(TeamNewProcesses<10>[ShortNumber | 2]): <t> = 2.18988s, std = 0s, 2.18988s <= t <= 2.18988s (n=1)

TeamConstProcesses
Timer(TeamConstProcesses<10>[ShortNumber | 2]): <t> = 68.2345ms, std = 0ms, 68.2345ms <= t <= 68.2345ms (n=1)

TeamAsync
Timer(CalcCollatzSoloTimer): <t> = 2.02436ms, std = 1.96517ms, 0.075141ms <= t <= 9.25005ms (n=298)
Timer(TeamAsync<1>[ShortNumber | 2]): <t> = 28.8081ms, std = 0ms, 28.8081ms <= t <= 28.8081ms (n=1)

TeamSolo
Timer(CalcCollatzSoloTimer): <t> = 1.0632ms, std = 0.747885ms, 0.072619ms <= t <= 2.75302ms (n=595)
Timer(TeamSolo<1>[ShortNumber | 5]): <t> = 0.633462s, std = 0s, 0.633462s <= t <= 0.633462s (n=1)

ThreadNewThreads
Timer(CalcCollatzSoloTimer): <t> = 1.81706ms, std = 1.71397ms, 0.126415ms <= t <= 17.1319ms (n=595)
Timer(TeamNewThreads<1>[ShortNumber | 5]): <t> = 1.18311s, std = 0s, 1.18311s <= t <= 1.18311s (n=1)

TeamConstThreads
Timer(CalcCollatzSoloTimer): <t> = 1.16584ms, std = 0.826091ms, 0.12476ms <= t <= 3.79327ms (n=595)
Timer(TeamConstThreads<1>[ShortNumber | 5]): <t> = 0.698665s, std = 0s, 0.698665s <= t <= 0.698665s (n=1)

TeamPool
Timer(CalcCollatzSoloTimer): <t> = 1.0985ms, std = 0.760468ms, 0.11526ms <= t <= 3.18471ms (n=595)
Timer(TeamPool<1>[ShortNumber | 5]): <t> = 0.664982s, std = 0s, 0.664982s <= t <= 0.664982s (n=1)

TeamNewProcesses
Timer(TeamNewProcesses<1>[ShortNumber | 5]): <t> = 5.30613s, std = 0s, 5.30613s <= t <= 5.30613s (n=1)

TeamConstProcesses
Timer(TeamConstProcesses<1>[ShortNumber | 5]): <t> = 0.666458s, std = 0s, 0.666458s <= t <= 0.666458s (n=1)

ThreadNewThreads
Timer(CalcCollatzSoloTimer): <t> = 2.18485ms, std = 1.76799ms, 0.167868ms <= t <= 11.9774ms (n=595)
Timer(TeamNewThreads<2>[ShortNumber | 5]): <t> = 0.953434s, std = 0s, 0.953434s <= t <= 0.953434s (n=1)

TeamConstThreads
Timer(CalcCollatzSoloTimer): <t> = 1.13757ms, std = 0.848844ms, 0.102168ms <= t <= 6.6007ms (n=595)
Timer(TeamConstThreads<2>[ShortNumber | 5]): <t> = 0.399414s, std = 0s, 0.399414s <= t <= 0.399414s (n=1)

TeamPool
Timer(CalcCollatzSoloTimer): <t> = 1.08408ms, std = 0.736033ms, 0.150471ms <= t <= 3.72977ms (n=595)
Timer(TeamPool<2>[ShortNumber | 5]): <t> = 0.329632s, std = 0s, 0.329632s <= t <= 0.329632s (n=1)

TeamNewProcesses
Timer(TeamNewProcesses<2>[ShortNumber | 5]): <t> = 5.58405s, std = 0s, 5.58405s <= t <= 5.58405s (n=1)

TeamConstProcesses
Timer(TeamConstProcesses<2>[ShortNumber | 5]): <t> = 0.370431s, std = 0s, 0.370431s <= t <= 0.370431s (n=1)

ThreadNewThreads
Timer(CalcCollatzSoloTimer): <t> = 2.43712ms, std = 1.96582ms, 0.129383ms <= t <= 9.21923ms (n=595)
Timer(TeamNewThreads<3>[ShortNumber | 5]): <t> = 0.885002s, std = 0s, 0.885002s <= t <= 0.885002s (n=1)

TeamConstThreads
Timer(CalcCollatzSoloTimer): <t> = 1.07281ms, std = 0.767698ms, 0.101771ms <= t <= 5.27476ms (n=595)
Timer(TeamConstThreads<3>[ShortNumber | 5]): <t> = 246.212ms, std = 0ms, 246.212ms <= t <= 246.212ms (n=1)

TeamPool
Timer(CalcCollatzSoloTimer): <t> = 1.06732ms, std = 0.795372ms, 0.143638ms <= t <= 6.373ms (n=595)
Timer(TeamPool<3>[ShortNumber | 5]): <t> = 217.126ms, std = 0ms, 217.126ms <= t <= 217.126ms (n=1)

TeamNewProcesses
Timer(TeamNewProcesses<3>[ShortNumber | 5]): <t> = 4.57766s, std = 0s, 4.57766s <= t <= 4.57766s (n=1)

TeamConstProcesses
Timer(TeamConstProcesses<3>[ShortNumber | 5]): <t> = 0.271461s, std = 0s, 0.271461s <= t <= 0.271461s (n=1)

ThreadNewThreads
Timer(CalcCollatzSoloTimer): <t> = 1.7922ms, std = 1.65707ms, 0.157709ms <= t <= 9.62306ms (n=595)
Timer(TeamNewThreads<4>[ShortNumber | 5]): <t> = 0.5578s, std = 0s, 0.5578s <= t <= 0.5578s (n=1)

TeamConstThreads
Timer(CalcCollatzSoloTimer): <t> = 1.22732ms, std = 0.951456ms, 0.086528ms <= t <= 7.16427ms (n=595)
Timer(TeamConstThreads<4>[ShortNumber | 5]): <t> = 230.989ms, std = 0ms, 230.989ms <= t <= 230.989ms (n=1)

TeamPool
Timer(CalcCollatzSoloTimer): <t> = 1.07962ms, std = 0.80513ms, 0.100252ms <= t <= 6.53346ms (n=595)
Timer(TeamPool<4>[ShortNumber | 5]): <t> = 165.64ms, std = 0ms, 165.64ms <= t <= 165.64ms (n=1)

TeamNewProcesses
Timer(TeamNewProcesses<4>[ShortNumber | 5]): <t> = 4.78139s, std = 0s, 4.78139s <= t <= 4.78139s (n=1)

TeamConstProcesses
Timer(TeamConstProcesses<4>[ShortNumber | 5]): <t> = 199.045ms, std = 0ms, 199.045ms <= t <= 199.045ms (n=1)

ThreadNewThreads
Timer(CalcCollatzSoloTimer): <t> = 2.46335ms, std = 2.09171ms, 0.113081ms <= t <= 9.61011ms (n=595)
Timer(TeamNewThreads<7>[ShortNumber | 5]): <t> = 0.515654s, std = 0s, 0.515654s <= t <= 0.515654s (n=1)

TeamConstThreads
Timer(CalcCollatzSoloTimer): <t> = 1.30046ms, std = 1.01659ms, 0.116929ms <= t <= 7.26978ms (n=595)
Timer(TeamConstThreads<7>[ShortNumber | 5]): <t> = 148.954ms, std = 0ms, 148.954ms <= t <= 148.954ms (n=1)

TeamPool
Timer(CalcCollatzSoloTimer): <t> = 1.19247ms, std = 1.086ms, 0.066193ms <= t <= 16.4135ms (n=595)
Timer(TeamPool<7>[ShortNumber | 5]): <t> = 108.726ms, std = 0ms, 108.726ms <= t <= 108.726ms (n=1)

TeamNewProcesses
Timer(TeamNewProcesses<7>[ShortNumber | 5]): <t> = 5.21425s, std = 0s, 5.21425s <= t <= 5.21425s (n=1)

TeamConstProcesses
Timer(TeamConstProcesses<7>[ShortNumber | 5]): <t> = 126.376ms, std = 0ms, 126.376ms <= t <= 126.376ms (n=1)

ThreadNewThreads
Timer(CalcCollatzSoloTimer): <t> = 2.34478ms, std = 1.85005ms, 0.073459ms <= t <= 8.23517ms (n=595)
Timer(TeamNewThreads<10>[ShortNumber | 5]): <t> = 0.373683s, std = 0s, 0.373683s <= t <= 0.373683s (n=1)

TeamConstThreads
Timer(CalcCollatzSoloTimer): <t> = 1.36971ms, std = 1.05752ms, 0.140251ms <= t <= 6.90214ms (n=595)
Timer(TeamConstThreads<10>[ShortNumber | 5]): <t> = 113.785ms, std = 0ms, 113.785ms <= t <= 113.785ms (n=1)

TeamPool
Timer(CalcCollatzSoloTimer): <t> = 1.28932ms, std = 0.974345ms, 0.205534ms <= t <= 6.73925ms (n=595)
Timer(TeamPool<10>[ShortNumber | 5]): <t> = 81.2199ms, std = 0ms, 81.2199ms <= t <= 81.2199ms (n=1)

TeamNewProcesses
Timer(TeamNewProcesses<10>[ShortNumber | 5]): <t> = 5.20687s, std = 0s, 5.20687s <= t <= 5.20687s (n=1)

TeamConstProcesses
Timer(TeamConstProcesses<10>[ShortNumber | 5]): <t> = 109.65ms, std = 0ms, 109.65ms <= t <= 109.65ms (n=1)

TeamAsync
Timer(CalcCollatzSoloTimer): <t> = 1.88593ms, std = 1.64065ms, 0.127455ms <= t <= 10.4234ms (n=595)
Timer(TeamAsync<1>[ShortNumber | 5]): <t> = 42.9498ms, std = 0ms, 42.9498ms <= t <= 42.9498ms (n=1)

TeamSolo
Timer(CalcCollatzSoloTimer): <t> = 1.30053ms, std = 0.782048ms, 0.102463ms <= t <= 3.47012ms (n=2377)
Timer(TeamSolo<1>[ShortNumber | 23]): <t> = 3.09422s, std = 0s, 3.09422s <= t <= 3.09422s (n=1)

ThreadNewThreads
Timer(CalcCollatzSoloTimer): <t> = 2.46465ms, std = 2.01348ms, 0.123765ms <= t <= 10.4315ms (n=2377)
Timer(TeamNewThreads<1>[ShortNumber | 23]): <t> = 6.36422s, std = 0s, 6.36422s <= t <= 6.36422s (n=1)

TeamConstThreads
Timer(CalcCollatzSoloTimer): <t> = 1.31088ms, std = 0.787086ms, 0.151146ms <= t <= 6.36908ms (n=2377)
Timer(TeamConstThreads<1>[ShortNumber | 23]): <t> = 3.13148s, std = 0s, 3.13148s <= t <= 3.13148s (n=1)

TeamPool
Timer(CalcCollatzSoloTimer): <t> = 1.25936ms, std = 0.759418ms, 0.121159ms <= t <= 5.71728ms (n=2377)
Timer(TeamPool<1>[ShortNumber | 23]): <t> = 3.03232s, std = 0s, 3.03232s <= t <= 3.03232s (n=1)

TeamNewProcesses
Timer(TeamNewProcesses<1>[ShortNumber | 23]): <t> = 18.0228s, std = 0s, 18.0228s <= t <= 18.0228s (n=1)

TeamConstProcesses
Timer(TeamConstProcesses<1>[ShortNumber | 23]): <t> = 3.11317s, std = 0s, 3.11317s <= t <= 3.11317s (n=1)

ThreadNewThreads
Timer(CalcCollatzSoloTimer): <t> = 2.82032ms, std = 2.13945ms, 0.231486ms <= t <= 13.0587ms (n=2377)
Timer(TeamNewThreads<2>[ShortNumber | 23]): <t> = 4.82404s, std = 0s, 4.82404s <= t <= 4.82404s (n=1)

TeamConstThreads
Timer(CalcCollatzSoloTimer): <t> = 1.30665ms, std = 0.795473ms, 0.123712ms <= t <= 6.69724ms (n=2377)
Timer(TeamConstThreads<2>[ShortNumber | 23]): <t> = 1.73553s, std = 0s, 1.73553s <= t <= 1.73553s (n=1)

TeamPool
Timer(CalcCollatzSoloTimer): <t> = 1.2882ms, std = 0.780293ms, 0.143987ms <= t <= 6.34941ms (n=2377)
Timer(TeamPool<2>[ShortNumber | 23]): <t> = 1.5575s, std = 0s, 1.5575s <= t <= 1.5575s (n=1)

TeamNewProcesses
Timer(TeamNewProcesses<2>[ShortNumber | 23]): <t> = 16.781s, std = 0s, 16.781s <= t <= 16.781s (n=1)

TeamConstProcesses
Timer(TeamConstProcesses<2>[ShortNumber | 23]): <t> = 1.7209s, std = 0s, 1.7209s <= t <= 1.7209s (n=1)

ThreadNewThreads
Timer(CalcCollatzSoloTimer): <t> = 2.98476ms, std = 2.22033ms, 0.180722ms <= t <= 19.6319ms (n=2377)
Timer(TeamNewThreads<3>[ShortNumber | 23]): <t> = 3.97959s, std = 0s, 3.97959s <= t <= 3.97959s (n=1)

TeamConstThreads
Timer(CalcCollatzSoloTimer): <t> = 1.35747ms, std = 0.834784ms, 0.133413ms <= t <= 6.2123ms (n=2377)
Timer(TeamConstThreads<3>[ShortNumber | 23]): <t> = 1.21417s, std = 0s, 1.21417s <= t <= 1.21417s (n=1)

TeamPool
Timer(CalcCollatzSoloTimer): <t> = 1.31764ms, std = 0.807525ms, 0.169082ms <= t <= 6.46218ms (n=2377)
Timer(TeamPool<3>[ShortNumber | 23]): <t> = 1.06444s, std = 0s, 1.06444s <= t <= 1.06444s (n=1)

TeamNewProcesses
Timer(TeamNewProcesses<3>[ShortNumber | 23]): <t> = 21.4533s, std = 0s, 21.4533s <= t <= 21.4533s (n=1)

TeamConstProcesses
Timer(TeamConstProcesses<3>[ShortNumber | 23]): <t> = 1.1547s, std = 0s, 1.1547s <= t <= 1.1547s (n=1)

ThreadNewThreads
Timer(CalcCollatzSoloTimer): <t> = 3.06263ms, std = 2.1748ms, 0.145615ms <= t <= 10.8446ms (n=2377)
Timer(TeamNewThreads<4>[ShortNumber | 23]): <t> = 3.33277s, std = 0s, 3.33277s <= t <= 3.33277s (n=1)

TeamConstThreads
Timer(CalcCollatzSoloTimer): <t> = 1.36495ms, std = 0.857034ms, 0.142015ms <= t <= 9.39317ms (n=2377)
Timer(TeamConstThreads<4>[ShortNumber | 23]): <t> = 0.94042s, std = 0s, 0.94042s <= t <= 0.94042s (n=1)

TeamPool
Timer(CalcCollatzSoloTimer): <t> = 1.24438ms, std = 0.752934ms, 0.143425ms <= t <= 6.43305ms (n=2377)
Timer(TeamPool<4>[ShortNumber | 23]): <t> = 0.755586s, std = 0s, 0.755586s <= t <= 0.755586s (n=1)

TeamNewProcesses
Timer(TeamNewProcesses<4>[ShortNumber | 23]): <t> = 21.819s, std = 0s, 21.819s <= t <= 21.819s (n=1)

TeamConstProcesses
Timer(TeamConstProcesses<4>[ShortNumber | 23]): <t> = 0.940927s, std = 0s, 0.940927s <= t <= 0.940927s (n=1)

ThreadNewThreads
Timer(CalcCollatzSoloTimer): <t> = 2.70568ms, std = 1.98395ms, 0.221097ms <= t <= 11.3531ms (n=2377)
Timer(TeamNewThreads<7>[ShortNumber | 23]): <t> = 2.11658s, std = 0s, 2.11658s <= t <= 2.11658s (n=1)

TeamConstThreads
Timer(CalcCollatzSoloTimer): <t> = 1.41205ms, std = 0.896676ms, 0.104414ms <= t <= 8.68768ms (n=2377)
Timer(TeamConstThreads<7>[ShortNumber | 23]): <t> = 0.562111s, std = 0s, 0.562111s <= t <= 0.562111s (n=1)

TeamPool
Timer(CalcCollatzSoloTimer): <t> = 1.43162ms, std = 0.879467ms, 0.197553ms <= t <= 8.01279ms (n=2377)
Timer(TeamPool<7>[ShortNumber | 23]): <t> = 0.501274s, std = 0s, 0.501274s <= t <= 0.501274s (n=1)

TeamNewProcesses
Timer(TeamNewProcesses<7>[ShortNumber | 23]): <t> = 20.4974s, std = 0s, 20.4974s <= t <= 20.4974s (n=1)

TeamConstProcesses
Timer(TeamConstProcesses<7>[ShortNumber | 23]): <t> = 0.542319s, std = 0s, 0.542319s <= t <= 0.542319s (n=1)

ThreadNewThreads
Timer(CalcCollatzSoloTimer): <t> = 2.86879ms, std = 2.01974ms, 0.191972ms <= t <= 12.172ms (n=2377)
Timer(TeamNewThreads<10>[ShortNumber | 23]): <t> = 1.67779s, std = 0s, 1.67779s <= t <= 1.67779s (n=1)

TeamConstThreads
Timer(CalcCollatzSoloTimer): <t> = 1.40904ms, std = 0.891721ms, 0.104822ms <= t <= 7.65213ms (n=2377)
Timer(TeamConstThreads<10>[ShortNumber | 23]): <t> = 0.386689s, std = 0s, 0.386689s <= t <= 0.386689s (n=1)

TeamPool
Timer(CalcCollatzSoloTimer): <t> = 1.44576ms, std = 0.926505ms, 0.163563ms <= t <= 9.40636ms (n=2377)
Timer(TeamPool<10>[ShortNumber | 23]): <t> = 0.35702s, std = 0s, 0.35702s <= t <= 0.35702s (n=1)

TeamNewProcesses
Timer(TeamNewProcesses<10>[ShortNumber | 23]): <t> = 21.9058s, std = 0s, 21.9058s <= t <= 21.9058s (n=1)

TeamConstProcesses
Timer(TeamConstProcesses<10>[ShortNumber | 23]): <t> = 0.440839s, std = 0s, 0.440839s <= t <= 0.440839s (n=1)

TeamAsync
Timer(CalcCollatzSoloTimer): <t> = 1.83923ms, std = 1.22637ms, 0.229588ms <= t <= 8.44647ms (n=2377)
Timer(TeamAsync<1>[ShortNumber | 23]): <t> = 164.514ms, std = 0ms, 164.514ms <= t <= 164.514ms (n=1)

TeamSolo
Timer(CalcCollatzSoloTimer): <t> = 1.38529ms, std = 0.623118ms, 0.91178ms <= t <= 2.45699ms (n=4)
Timer(TeamSolo<1>[LongNumber | 2]): <t> = 5.59044ms, std = 0ms, 5.59044ms <= t <= 5.59044ms (n=1)

ThreadNewThreads
Timer(CalcCollatzSoloTimer): <t> = 3.24803ms, std = 1.22511ms, 1.72607ms <= t <= 5.11941ms (n=4)
Timer(TeamNewThreads<1>[LongNumber | 2]): <t> = 13.8266ms, std = 0ms, 13.8266ms <= t <= 13.8266ms (n=1)

TeamConstThreads
Timer(CalcCollatzSoloTimer): <t> = 3.39389ms, std = 2.53665ms, 1.60671ms <= t <= 7.73424ms (n=4)
Timer(TeamConstThreads<1>[LongNumber | 2]): <t> = 13.9171ms, std = 0ms, 13.9171ms <= t <= 13.9171ms (n=1)

TeamPool
Timer(CalcCollatzSoloTimer): <t> = 3.3737ms, std = 1.80347ms, 2.00906ms <= t <= 6.4766ms (n=4)
Timer(TeamPool<1>[LongNumber | 2]): <t> = 13.9481ms, std = 0ms, 13.9481ms <= t <= 13.9481ms (n=1)

TeamNewProcesses
Timer(TeamNewProcesses<1>[LongNumber | 2]): <t> = 45.6513ms, std = 0ms, 45.6513ms <= t <= 45.6513ms (n=1)

TeamConstProcesses
Timer(TeamConstProcesses<1>[LongNumber | 2]): <t> = 13.3407ms, std = 0ms, 13.3407ms <= t <= 13.3407ms (n=1)

ThreadNewThreads
Timer(CalcCollatzSoloTimer): <t> = 3.85892ms, std = 1.15879ms, 2.74289ms <= t <= 5.73632ms (n=4)
Timer(TeamNewThreads<2>[LongNumber | 2]): <t> = 10.476ms, std = 0ms, 10.476ms <= t <= 10.476ms (n=1)

TeamConstThreads
Timer(CalcCollatzSoloTimer): <t> = 3.90897ms, std = 1.29105ms, 2.72806ms <= t <= 6.0578ms (n=4)
Timer(TeamConstThreads<2>[LongNumber | 2]): <t> = 9.15812ms, std = 0ms, 9.15812ms <= t <= 9.15812ms (n=1)

TeamPool
Timer(CalcCollatzSoloTimer): <t> = 4.33317ms, std = 1.9577ms, 2.71854ms <= t <= 7.64058ms (n=4)
Timer(TeamPool<2>[LongNumber | 2]): <t> = 10.0637ms, std = 0ms, 10.0637ms <= t <= 10.0637ms (n=1)

TeamNewProcesses
Timer(TeamNewProcesses<2>[LongNumber | 2]): <t> = 35.84ms, std = 0ms, 35.84ms <= t <= 35.84ms (n=1)

TeamConstProcesses
Timer(TeamConstProcesses<2>[LongNumber | 2]): <t> = 15.541ms, std = 0ms, 15.541ms <= t <= 15.541ms (n=1)

ThreadNewThreads
Timer(CalcCollatzSoloTimer): <t> = 3.25162ms, std = 2.45877ms, 1.36956ms <= t <= 7.4529ms (n=4)
Timer(TeamNewThreads<3>[LongNumber | 2]): <t> = 10.5982ms, std = 0ms, 10.5982ms <= t <= 10.5982ms (n=1)

TeamConstThreads
Timer(CalcCollatzSoloTimer): <t> = 2.13542ms, std = 0.676803ms, 0.99497ms <= t <= 2.76172ms (n=4)
Timer(TeamConstThreads<3>[LongNumber | 2]): <t> = 5.17019ms, std = 0ms, 5.17019ms <= t <= 5.17019ms (n=1)

TeamPool
Timer(CalcCollatzSoloTimer): <t> = 4.29934ms, std = 1.97848ms, 2.71562ms <= t <= 7.66879ms (n=4)
Timer(TeamPool<3>[LongNumber | 2]): <t> = 8.00601ms, std = 0ms, 8.00601ms <= t <= 8.00601ms (n=1)

TeamNewProcesses
Timer(TeamNewProcesses<3>[LongNumber | 2]): <t> = 29.986ms, std = 0ms, 29.986ms <= t <= 29.986ms (n=1)

TeamConstProcesses
Timer(TeamConstProcesses<3>[LongNumber | 2]): <t> = 15.5521ms, std = 0ms, 15.5521ms <= t <= 15.5521ms (n=1)

ThreadNewThreads
Timer(CalcCollatzSoloTimer): <t> = 3.29535ms, std = 0.248326ms, 3.03956ms <= t <= 3.68385ms (n=4)
Timer(TeamNewThreads<4>[LongNumber | 2]): <t> = 4.20859ms, std = 0ms, 4.20859ms <= t <= 4.20859ms (n=1)

TeamConstThreads
Timer(CalcCollatzSoloTimer): <t> = 3.449ms, std = 2.70398ms, 1.10461ms <= t <= 7.75273ms (n=4)
Timer(TeamConstThreads<4>[LongNumber | 2]): <t> = 8.25417ms, std = 0ms, 8.25417ms <= t <= 8.25417ms (n=1)

TeamPool
Timer(CalcCollatzSoloTimer): <t> = 4.20895ms, std = 1.86974ms, 2.70602ms <= t <= 7.38616ms (n=4)
Timer(TeamPool<4>[LongNumber | 2]): <t> = 7.89459ms, std = 0ms, 7.89459ms <= t <= 7.89459ms (n=1)

TeamNewProcesses
Timer(TeamNewProcesses<4>[LongNumber | 2]): <t> = 19.9733ms, std = 0ms, 19.9733ms <= t <= 19.9733ms (n=1)

TeamConstProcesses
Timer(TeamConstProcesses<4>[LongNumber | 2]): <t> = 11.7279ms, std = 0ms, 11.7279ms <= t <= 11.7279ms (n=1)

ThreadNewThreads
Timer(CalcCollatzSoloTimer): <t> = 3.33533ms, std = 2.77194ms, 0.939402ms <= t <= 7.71608ms (n=4)
Timer(TeamNewThreads<7>[LongNumber | 2]): <t> = 8.06402ms, std = 0ms, 8.06402ms <= t <= 8.06402ms (n=1)

TeamConstThreads
Timer(CalcCollatzSoloTimer): <t> = 3.20014ms, std = 2.83515ms, 0.818862ms <= t <= 8.03964ms (n=4)
Timer(TeamConstThreads<7>[LongNumber | 2]): <t> = 8.3832ms, std = 0ms, 8.3832ms <= t <= 8.3832ms (n=1)

TeamPool
Timer(CalcCollatzSoloTimer): <t> = 3.86942ms, std = 2.39732ms, 1.07039ms <= t <= 7.67119ms (n=4)
Timer(TeamPool<7>[LongNumber | 2]): <t> = 7.95621ms, std = 0ms, 7.95621ms <= t <= 7.95621ms (n=1)

TeamNewProcesses
Timer(TeamNewProcesses<7>[LongNumber | 2]): <t> = 16.2458ms, std = 0ms, 16.2458ms <= t <= 16.2458ms (n=1)

TeamConstProcesses
Timer(TeamConstProcesses<7>[LongNumber | 2]): <t> = 15.2494ms, std = 0ms, 15.2494ms <= t <= 15.2494ms (n=1)

ThreadNewThreads
Timer(CalcCollatzSoloTimer): <t> = 3.12677ms, std = 0.442578ms, 2.48517ms <= t <= 3.71849ms (n=4)
Timer(TeamNewThreads<10>[LongNumber | 2]): <t> = 4.106ms, std = 0ms, 4.106ms <= t <= 4.106ms (n=1)

TeamConstThreads
Timer(CalcCollatzSoloTimer): <t> = 2.78419ms, std = 0.891212ms, 1.41523ms <= t <= 3.87389ms (n=4)
Timer(TeamConstThreads<10>[LongNumber | 2]): <t> = 4.21542ms, std = 0ms, 4.21542ms <= t <= 4.21542ms (n=1)

TeamPool
Timer(CalcCollatzSoloTimer): <t> = 3.90069ms, std = 2.36669ms, 1.21815ms <= t <= 7.69556ms (n=4)
Timer(TeamPool<10>[LongNumber | 2]): <t> = 8.10688ms, std = 0ms, 8.10688ms <= t <= 8.10688ms (n=1)

TeamNewProcesses
Timer(TeamNewProcesses<10>[LongNumber | 2]): <t> = 18.0415ms, std = 0ms, 18.0415ms <= t <= 18.0415ms (n=1)

TeamConstProcesses
Timer(TeamConstProcesses<10>[LongNumber | 2]): <t> = 13.1748ms, std = 0ms, 13.1748ms <= t <= 13.1748ms (n=1)

TeamAsync
Timer(CalcCollatzSoloTimer): <t> = 3.55074ms, std = 2.42566ms, 1.57839ms <= t <= 7.64669ms (n=4)
Timer(TeamAsync<1>[LongNumber | 2]): <t> = 8.04704ms, std = 0ms, 8.04704ms <= t <= 8.04704ms (n=1)

TeamSolo
Timer(CalcCollatzSoloTimer): <t> = 5.28356ms, std = 3.23255ms, 1.46405ms <= t <= 11.3779ms (n=7)
Timer(TeamSolo<1>[LongNumber | 5]): <t> = 37.0212ms, std = 0ms, 37.0212ms <= t <= 37.0212ms (n=1)

ThreadNewThreads
Timer(CalcCollatzSoloTimer): <t> = 6.19123ms, std = 2.6186ms, 3.17256ms <= t <= 11.3629ms (n=7)
Timer(TeamNewThreads<1>[LongNumber | 5]): <t> = 44.6013ms, std = 0ms, 44.6013ms <= t <= 44.6013ms (n=1)

TeamConstThreads
Timer(CalcCollatzSoloTimer): <t> = 5.0075ms, std = 3.4359ms, 1.08972ms <= t <= 11.4398ms (n=7)
Timer(TeamConstThreads<1>[LongNumber | 5]): <t> = 35.4472ms, std = 0ms, 35.4472ms <= t <= 35.4472ms (n=1)

TeamPool
Timer(CalcCollatzSoloTimer): <t> = 6.5653ms, std = 2.50895ms, 3.72986ms <= t <= 11.6665ms (n=7)
Timer(TeamPool<1>[LongNumber | 5]): <t> = 46.5668ms, std = 0ms, 46.5668ms <= t <= 46.5668ms (n=1)

TeamNewProcesses
Timer(TeamNewProcesses<1>[LongNumber | 5]): <t> = 96.819ms, std = 0ms, 96.819ms <= t <= 96.819ms (n=1)

TeamConstProcesses
Timer(TeamConstProcesses<1>[LongNumber | 5]): <t> = 40.597ms, std = 0ms, 40.597ms <= t <= 40.597ms (n=1)

ThreadNewThreads
Timer(CalcCollatzSoloTimer): <t> = 6.61368ms, std = 3.49165ms, 1.09405ms <= t <= 11.6713ms (n=7)
Timer(TeamNewThreads<2>[LongNumber | 5]): <t> = 37.2074ms, std = 0ms, 37.2074ms <= t <= 37.2074ms (n=1)

TeamConstThreads
Timer(CalcCollatzSoloTimer): <t> = 5.6068ms, std = 3.89223ms, 1.11175ms <= t <= 12.239ms (n=7)
Timer(TeamConstThreads<2>[LongNumber | 5]): <t> = 29.1916ms, std = 0ms, 29.1916ms <= t <= 29.1916ms (n=1)

TeamPool
Timer(CalcCollatzSoloTimer): <t> = 7.63304ms, std = 3.19155ms, 1.47424ms <= t <= 12.2667ms (n=7)
Timer(TeamPool<2>[LongNumber | 5]): <t> = 28.5087ms, std = 0ms, 28.5087ms <= t <= 28.5087ms (n=1)

TeamNewProcesses
Timer(TeamNewProcesses<2>[LongNumber | 5]): <t> = 99.6054ms, std = 0ms, 99.6054ms <= t <= 99.6054ms (n=1)

TeamConstProcesses
Timer(TeamConstProcesses<2>[LongNumber | 5]): <t> = 43.6993ms, std = 0ms, 43.6993ms <= t <= 43.6993ms (n=1)

ThreadNewThreads
Timer(CalcCollatzSoloTimer): <t> = 9.6746ms, std = 6.67618ms, 1.1216ms <= t <= 22.2043ms (n=7)
Timer(TeamNewThreads<3>[LongNumber | 5]): <t> = 48.1295ms, std = 0ms, 48.1295ms <= t <= 48.1295ms (n=1)

TeamConstThreads
Timer(CalcCollatzSoloTimer): <t> = 9.66509ms, std = 5.86476ms, 3.76109ms <= t <= 23.3206ms (n=7)
Timer(TeamConstThreads<3>[LongNumber | 5]): <t> = 26.5954ms, std = 0ms, 26.5954ms <= t <= 26.5954ms (n=1)

TeamPool
Timer(CalcCollatzSoloTimer): <t> = 9.47348ms, std = 3.29744ms, 3.98551ms <= t <= 14.5315ms (n=7)
Timer(TeamPool<3>[LongNumber | 5]): <t> = 26.8844ms, std = 0ms, 26.8844ms <= t <= 26.8844ms (n=1)

TeamNewProcesses
Timer(TeamNewProcesses<3>[LongNumber | 5]): <t> = 106.469ms, std = 0ms, 106.469ms <= t <= 106.469ms (n=1)

TeamConstProcesses
Timer(TeamConstProcesses<3>[LongNumber | 5]): <t> = 35.7672ms, std = 0ms, 35.7672ms <= t <= 35.7672ms (n=1)

ThreadNewThreads
Timer(CalcCollatzSoloTimer): <t> = 7.47618ms, std = 4.485ms, 2.05084ms <= t <= 14.7299ms (n=7)
Timer(TeamNewThreads<4>[LongNumber | 5]): <t> = 26.2267ms, std = 0ms, 26.2267ms <= t <= 26.2267ms (n=1)

TeamConstThreads
Timer(CalcCollatzSoloTimer): <t> = 7.62765ms, std = 4.24977ms, 3.51835ms <= t <= 14.9141ms (n=7)
Timer(TeamConstThreads<4>[LongNumber | 5]): <t> = 25.1922ms, std = 0ms, 25.1922ms <= t <= 25.1922ms (n=1)

TeamPool
Timer(CalcCollatzSoloTimer): <t> = 8.79608ms, std = 4.89235ms, 1.21446ms <= t <= 17.5527ms (n=7)
Timer(TeamPool<4>[LongNumber | 5]): <t> = 24.7118ms, std = 0ms, 24.7118ms <= t <= 24.7118ms (n=1)

TeamNewProcesses
Timer(TeamNewProcesses<4>[LongNumber | 5]): <t> = 84.3306ms, std = 0ms, 84.3306ms <= t <= 84.3306ms (n=1)

TeamConstProcesses
Timer(TeamConstProcesses<4>[LongNumber | 5]): <t> = 37.5654ms, std = 0ms, 37.5654ms <= t <= 37.5654ms (n=1)

ThreadNewThreads
Timer(CalcCollatzSoloTimer): <t> = 11.033ms, std = 7.42045ms, 2.88486ms <= t <= 22.6393ms (n=7)
Timer(TeamNewThreads<7>[LongNumber | 5]): <t> = 23.3401ms, std = 0ms, 23.3401ms <= t <= 23.3401ms (n=1)

TeamConstThreads
Timer(CalcCollatzSoloTimer): <t> = 10.9132ms, std = 7.78777ms, 2.06941ms <= t <= 23.851ms (n=7)
Timer(TeamConstThreads<7>[LongNumber | 5]): <t> = 24.7005ms, std = 0ms, 24.7005ms <= t <= 24.7005ms (n=1)

TeamPool
Timer(CalcCollatzSoloTimer): <t> = 9.33373ms, std = 5.90176ms, 1.13001ms <= t <= 18.9611ms (n=7)
Timer(TeamPool<7>[LongNumber | 5]): <t> = 19.7164ms, std = 0ms, 19.7164ms <= t <= 19.7164ms (n=1)

TeamNewProcesses
Timer(TeamNewProcesses<7>[LongNumber | 5]): <t> = 40.7192ms, std = 0ms, 40.7192ms <= t <= 40.7192ms (n=1)

TeamConstProcesses
Timer(TeamConstProcesses<7>[LongNumber | 5]): <t> = 32.9944ms, std = 0ms, 32.9944ms <= t <= 32.9944ms (n=1)

ThreadNewThreads
Timer(CalcCollatzSoloTimer): <t> = 10.6924ms, std = 8.20622ms, 1.76266ms <= t <= 24.5062ms (n=7)
Timer(TeamNewThreads<10>[LongNumber | 5]): <t> = 25.0514ms, std = 0ms, 25.0514ms <= t <= 25.0514ms (n=1)

TeamConstThreads
Timer(CalcCollatzSoloTimer): <t> = 8.54053ms, std = 3.65784ms, 3.21157ms <= t <= 12.78ms (n=7)
Timer(TeamConstThreads<10>[LongNumber | 5]): <t> = 13.378ms, std = 0ms, 13.378ms <= t <= 13.378ms (n=1)

TeamPool
Timer(CalcCollatzSoloTimer): <t> = 11.5982ms, std = 6.42574ms, 2.69372ms <= t <= 22.1036ms (n=7)
Timer(TeamPool<10>[LongNumber | 5]): <t> = 22.7166ms, std = 0ms, 22.7166ms <= t <= 22.7166ms (n=1)

TeamNewProcesses
Timer(TeamNewProcesses<10>[LongNumber | 5]): <t> = 52.0309ms, std = 0ms, 52.0309ms <= t <= 52.0309ms (n=1)

TeamConstProcesses
Timer(TeamConstProcesses<10>[LongNumber | 5]): <t> = 38.9766ms, std = 0ms, 38.9766ms <= t <= 38.9766ms (n=1)

TeamAsync
Timer(CalcCollatzSoloTimer): <t> = 7.64241ms, std = 5.86737ms, 2.46411ms <= t <= 19.444ms (n=7)
Timer(TeamAsync<1>[LongNumber | 5]): <t> = 19.9779ms, std = 0ms, 19.9779ms <= t <= 19.9779ms (n=1)

TeamSolo
Timer(CalcCollatzSoloTimer): <t> = 121.947ms, std = 45.1771ms, 51.7649ms <= t <= 197.54ms (n=25)
Timer(TeamSolo<1>[LongNumber | 23]): <t> = 3.04891s, std = 0s, 3.04891s <= t <= 3.04891s (n=1)

ThreadNewThreads
Timer(CalcCollatzSoloTimer): <t> = 127.988ms, std = 47.3437ms, 58.2907ms <= t <= 221.62ms (n=25)
Timer(TeamNewThreads<1>[LongNumber | 23]): <t> = 3.20778s, std = 0s, 3.20778s <= t <= 3.20778s (n=1)

TeamConstThreads
Timer(CalcCollatzSoloTimer): <t> = 122.841ms, std = 47.6835ms, 45.6354ms <= t <= 203.259ms (n=25)
Timer(TeamConstThreads<1>[LongNumber | 23]): <t> = 3.07191s, std = 0s, 3.07191s <= t <= 3.07191s (n=1)

TeamPool
Timer(CalcCollatzSoloTimer): <t> = 126.002ms, std = 49.0475ms, 51.5178ms <= t <= 218.224ms (n=25)
Timer(TeamPool<1>[LongNumber | 23]): <t> = 3.15129s, std = 0s, 3.15129s <= t <= 3.15129s (n=1)

TeamNewProcesses
Timer(TeamNewProcesses<1>[LongNumber | 23]): <t> = 3.34161s, std = 0s, 3.34161s <= t <= 3.34161s (n=1)

TeamConstProcesses
Timer(TeamConstProcesses<1>[LongNumber | 23]): <t> = 3.11153s, std = 0s, 3.11153s <= t <= 3.11153s (n=1)

ThreadNewThreads
Timer(CalcCollatzSoloTimer): <t> = 131.425ms, std = 42.9715ms, 58.0164ms <= t <= 198.633ms (n=25)
Timer(TeamNewThreads<2>[LongNumber | 23]): <t> = 1.84138s, std = 0s, 1.84138s <= t <= 1.84138s (n=1)

TeamConstThreads
Timer(CalcCollatzSoloTimer): <t> = 124.039ms, std = 47.8405ms, 46.0916ms <= t <= 204.165ms (n=25)
Timer(TeamConstThreads<2>[LongNumber | 23]): <t> = 1.95506s, std = 0s, 1.95506s <= t <= 1.95506s (n=1)

TeamPool
Timer(CalcCollatzSoloTimer): <t> = 127.512ms, std = 49.289ms, 54.203ms <= t <= 208.675ms (n=25)
Timer(TeamPool<2>[LongNumber | 23]): <t> = 1.62371s, std = 0s, 1.62371s <= t <= 1.62371s (n=1)

TeamNewProcesses
Timer(TeamNewProcesses<2>[LongNumber | 23]): <t> = 3.30232s, std = 0s, 3.30232s <= t <= 3.30232s (n=1)

TeamConstProcesses
Timer(TeamConstProcesses<2>[LongNumber | 23]): <t> = 2.04638s, std = 0s, 2.04638s <= t <= 2.04638s (n=1)

ThreadNewThreads
Timer(CalcCollatzSoloTimer): <t> = 138.029ms, std = 51.8578ms, 59.6152ms <= t <= 236.159ms (n=25)
Timer(TeamNewThreads<3>[LongNumber | 23]): <t> = 1.4301s, std = 0s, 1.4301s <= t <= 1.4301s (n=1)

TeamConstThreads
Timer(CalcCollatzSoloTimer): <t> = 133.841ms, std = 51.481ms, 53.1387ms <= t <= 223.222ms (n=25)
Timer(TeamConstThreads<3>[LongNumber | 23]): <t> = 1.37011s, std = 0s, 1.37011s <= t <= 1.37011s (n=1)

TeamPool
Timer(CalcCollatzSoloTimer): <t> = 137.927ms, std = 51.6846ms, 58.8406ms <= t <= 221.686ms (n=25)
Timer(TeamPool<3>[LongNumber | 23]): <t> = 1.21909s, std = 0s, 1.21909s <= t <= 1.21909s (n=1)

TeamNewProcesses
Timer(TeamNewProcesses<3>[LongNumber | 23]): <t> = 3.42375s, std = 0s, 3.42375s <= t <= 3.42375s (n=1)

TeamConstProcesses
Timer(TeamConstProcesses<3>[LongNumber | 23]): <t> = 1.2674s, std = 0s, 1.2674s <= t <= 1.2674s (n=1)

ThreadNewThreads
Timer(CalcCollatzSoloTimer): <t> = 132.955ms, std = 49.2103ms, 57.0366ms <= t <= 216.972ms (n=25)
Timer(TeamNewThreads<4>[LongNumber | 23]): <t> = 1.08861s, std = 0s, 1.08861s <= t <= 1.08861s (n=1)

TeamConstThreads
Timer(CalcCollatzSoloTimer): <t> = 128.803ms, std = 51.965ms, 50.4612ms <= t <= 222.784ms (n=25)
Timer(TeamConstThreads<4>[LongNumber | 23]): <t> = 1.11869s, std = 0s, 1.11869s <= t <= 1.11869s (n=1)

TeamPool
Timer(CalcCollatzSoloTimer): <t> = 125.698ms, std = 45.8368ms, 56.6658ms <= t <= 200.375ms (n=25)
Timer(TeamPool<4>[LongNumber | 23]): <t> = 0.852844s, std = 0s, 0.852844s <= t <= 0.852844s (n=1)

TeamNewProcesses
Timer(TeamNewProcesses<4>[LongNumber | 23]): <t> = 3.26625s, std = 0s, 3.26625s <= t <= 3.26625s (n=1)

TeamConstProcesses
Timer(TeamConstProcesses<4>[LongNumber | 23]): <t> = 1.13415s, std = 0s, 1.13415s <= t <= 1.13415s (n=1)

ThreadNewThreads
Timer(CalcCollatzSoloTimer): <t> = 145.996ms, std = 52.484ms, 58.6515ms <= t <= 224.354ms (n=25)
Timer(TeamNewThreads<7>[LongNumber | 23]): <t> = 0.759703s, std = 0s, 0.759703s <= t <= 0.759703s (n=1)

TeamConstThreads
Timer(CalcCollatzSoloTimer): <t> = 134.562ms, std = 49.9188ms, 51.2999ms <= t <= 212.349ms (n=25)
Timer(TeamConstThreads<7>[LongNumber | 23]): <t> = 0.798469s, std = 0s, 0.798469s <= t <= 0.798469s (n=1)

TeamPool
Timer(CalcCollatzSoloTimer): <t> = 133.639ms, std = 50.9146ms, 58.8502ms <= t <= 211.985ms (n=25)
Timer(TeamPool<7>[LongNumber | 23]): <t> = 0.567807s, std = 0s, 0.567807s <= t <= 0.567807s (n=1)

TeamNewProcesses
Timer(TeamNewProcesses<7>[LongNumber | 23]): <t> = 2.82877s, std = 0s, 2.82877s <= t <= 2.82877s (n=1)

TeamConstProcesses
Timer(TeamConstProcesses<7>[LongNumber | 23]): <t> = 0.788539s, std = 0s, 0.788539s <= t <= 0.788539s (n=1)

ThreadNewThreads
Timer(CalcCollatzSoloTimer): <t> = 141.233ms, std = 54.2425ms, 47.8061ms <= t <= 247.819ms (n=25)
Timer(TeamNewThreads<10>[LongNumber | 23]): <t> = 0.570343s, std = 0s, 0.570343s <= t <= 0.570343s (n=1)

TeamConstThreads
Timer(CalcCollatzSoloTimer): <t> = 132.254ms, std = 49.8078ms, 51.4235ms <= t <= 219.279ms (n=25)
Timer(TeamConstThreads<10>[LongNumber | 23]): <t> = 0.604384s, std = 0s, 0.604384s <= t <= 0.604384s (n=1)

TeamPool
Timer(CalcCollatzSoloTimer): <t> = 137.238ms, std = 40.9434ms, 62.926ms <= t <= 209.752ms (n=25)
Timer(TeamPool<10>[LongNumber | 23]): <t> = 0.441699s, std = 0s, 0.441699s <= t <= 0.441699s (n=1)

TeamNewProcesses
Timer(TeamNewProcesses<10>[LongNumber | 23]): <t> = 2.62745s, std = 0s, 2.62745s <= t <= 2.62745s (n=1)

TeamConstProcesses
Timer(TeamConstProcesses<10>[LongNumber | 23]): <t> = 0.628264s, std = 0s, 0.628264s <= t <= 0.628264s (n=1)

TeamAsync
Timer(CalcCollatzSoloTimer): <t> = 150.72ms, std = 56.9595ms, 52.7341ms <= t <= 248.409ms (n=25)
Timer(TeamAsync<1>[LongNumber | 23]): <t> = 0.250418s, std = 0s, 0.250418s <= t <= 0.250418s (n=1)
Timer(Total): <t> = 23.9215m, std = 0m, 23.9215m <= t <= 23.9215m (n=1)
